Model predictions:
[
 [  33.119976 -35.042854]
 [  41.644318 -43.731525]
 [  37.493881 -39.565689]
 [  24.817513 -26.268049]
 [  20.731106 -22.112139]
 [  20.052160 -21.244617]
 [  25.663870 -27.179510]
 [  32.800602 -34.313095]
 [  31.905403 -33.817688]
 [  36.714149 -38.979893]
 [  21.287474 -22.777870]
 [  30.068258 -31.742638]
 [  32.462135 -34.400318]
 [  26.154247 -27.825399]
 [  28.670107 -30.218037]
 [  30.866161 -32.750298]
 [  10.607786 -11.285477]
 [  22.528625 -23.820591]
 [  27.870850 -29.290571]
 [  30.307964 -32.290653]
 [  28.486170 -30.161861]
 [  30.552448 -32.259453]
 [  26.358282 -27.676018]
 [  28.511248 -30.629541]
 [  23.083778 -24.598978]
 [  24.630451 -26.200155]
 [  31.407425 -33.258362]
 [  31.355110 -33.146862]
 [  30.231075 -31.732407]
 [  29.449100 -30.947184]
 [  23.447390 -24.786251]
 [  28.429724 -30.185495]
]
[
 [  38.353035 -40.544144]
 [  37.371902 -39.369457]
 [  19.420784 -20.534819]
 [  21.473167 -22.822515]
 [  27.000965 -28.654625]
 [  31.756487 -33.370533]
 [  29.405888 -30.943192]
 [  31.319300 -33.358280]
 [  26.039503 -27.624447]
 [  30.490263 -32.318897]
 [  36.466255 -38.766502]
 [  31.609859 -33.314251]
 [  20.920532 -22.340736]
 [  25.544239 -27.042995]
 [  19.999941 -21.408215]
 [  25.397314 -26.825729]
 [  39.207535 -41.609966]
 [  32.657169 -34.473938]
 [  25.960478 -27.475267]
 [  27.159819 -28.837648]
 [  28.212255 -29.757685]
 [  33.083950 -34.967064]
 [  35.806396 -37.687210]
 [  19.868053 -20.970257]
 [  23.143492 -24.789660]
 [  27.183800 -28.669018]
 [  26.125866 -27.818190]
 [  28.197796 -30.077959]
 [  36.569130 -38.338051]
 [  20.426006 -21.477085]
 [  26.196302 -27.824806]
 [  29.236485 -30.744888]
]
[
 [  30.957518 -32.853222]
 [  39.199383 -41.237072]
 [  44.776867 -47.361000]
 [  28.822378 -30.393301]
 [  31.405499 -33.175999]
 [  16.175484 -17.096148]
 [  28.419994 -30.332747]
 [  14.558002 -15.464742]
 [  24.882372 -26.377016]
 [  41.055649 -43.329586]
 [  56.535946 -60.025383]
 [  25.454168 -27.011570]
 [  26.336227 -27.744148]
 [  21.141670 -22.369875]
 [  26.969765 -28.507772]
 [  27.076309 -28.754942]
 [  33.371052 -34.985710]
 [  37.704418 -39.802937]
 [  28.995602 -30.742523]
 [  43.244976 -45.543262]
 [  35.108070 -37.058346]
 [  31.208082 -32.910183]
 [  33.218227 -34.902245]
 [  29.643194 -31.450525]
 [  25.303436 -26.711258]
 [  39.004108 -41.075619]
 [  27.815598 -29.417328]
 [  28.829651 -30.564014]
 [  23.946367 -25.364136]
 [  29.879351 -31.780119]
 [  28.462133 -30.280008]
 [  25.780687 -27.488392]
]
[
 [  31.259340 -33.008915]
 [  25.994656 -27.658895]
 [  23.154135 -24.649265]
 [  26.715689 -28.293045]
 [  24.774258 -26.228514]
 [  32.449482 -34.334091]
 [  26.719713 -27.933195]
 [  22.542011 -24.033941]
 [  18.947472 -20.037560]
 [  27.840113 -29.623075]
 [  23.944588 -25.396431]
 [  39.819447 -41.974010]
 [  24.951622 -26.207169]
 [  25.996830 -27.408024]
 [  20.256964 -21.494120]
 [  25.492025 -26.853523]
 [  29.820707 -31.692825]
 [  28.021542 -29.667173]
 [  20.981077 -22.036739]
 [  28.333702 -30.171635]
 [  22.273405 -23.683548]
 [  26.936670 -28.460243]
 [  20.581421 -21.727028]
 [  31.454809 -33.216614]
 [  30.191860 -31.696457]
 [  34.926544 -37.109528]
 [  28.485294 -29.932707]
 [  27.760887 -29.288507]
 [  43.210617 -45.612778]
 [  27.387312 -29.097187]
 [  30.104355 -31.775097]
 [  20.735865 -22.103848]
]
[
 [  22.781796 -24.224442]
 [  22.800064 -24.239330]
 [  27.406879 -29.033224]
 [  25.515888 -27.176954]
 [  28.350967 -29.848787]
 [  36.045399 -37.941437]
 [  40.837341 -42.900150]
 [  21.107590 -22.190748]
 [  30.982542 -32.725029]
 [  31.962904 -33.734314]
 [  33.571156 -35.439602]
 [  24.609442 -25.863701]
 [  20.708778 -22.085865]
 [  30.700571 -32.302017]
 [  33.259842 -35.184475]
 [  33.201145 -35.231907]
 [  31.533730 -33.486824]
 [  34.025341 -35.985752]
 [  34.309422 -36.141674]
 [  25.620708 -27.056942]
 [  25.744137 -27.175303]
 [  25.723700 -27.464073]
 [  29.524916 -31.069035]
 [  32.003242 -33.901005]
 [  19.061703 -19.924747]
 [  35.229252 -37.121197]
 [  22.431816 -24.050083]
 [  27.509575 -29.300125]
 [  21.320366 -22.826754]
 [  19.091185 -20.099218]
 [  25.560373 -27.033110]
 [  23.405035 -24.853104]
]
[
 [  19.188488 -20.563774]
 [  14.873113 -16.023056]
 [  27.222153 -29.003054]
 [  19.189772 -20.409981]
 [  19.549391 -20.912901]
 [  23.314560 -24.731529]
 [  30.821028 -32.337784]
 [  26.463860 -27.809690]
 [  30.029581 -31.727440]
 [  32.377827 -34.303692]
 [  22.689804 -24.133390]
 [  25.073425 -26.489689]
 [  21.482773 -22.605165]
 [  28.612453 -30.306002]
 [  23.044754 -24.619577]
 [  24.584215 -26.161041]
 [  29.355005 -31.173527]
 [  27.946493 -29.604237]
 [  30.204409 -32.237690]
 [  30.077503 -31.724701]
 [  30.037188 -31.662815]
 [  31.866537 -33.798370]
 [  28.996359 -30.486633]
 [  25.376307 -26.932678]
 [  36.212128 -38.245323]
 [  35.467178 -37.298409]
 [  24.364639 -26.018570]
 [  32.322445 -34.200264]
 [  48.237213 -51.011177]
 [  28.561937 -30.095938]
 [  28.891088 -30.398588]
 [  22.887142 -24.477161]
]
[
 [  33.525127 -35.255615]
 [  20.838150 -21.983538]
 [  34.221920 -36.376785]
 [  20.713167 -22.127777]
 [  31.808918 -33.396576]
 [  29.544142 -31.184481]
 [  26.145723 -27.634644]
 [  25.370882 -26.954676]
 [  35.332245 -37.327438]
 [  29.531336 -31.601286]
 [  24.676579 -26.339582]
 [  27.161467 -29.004982]
 [  26.122263 -27.927773]
 [  27.787558 -29.647484]
 [  35.323425 -37.190308]
 [  21.118793 -22.262707]
 [  22.655029 -24.124456]
 [  25.924099 -27.584246]
 [  33.245781 -34.754913]
 [  28.802736 -30.422926]
 [  36.435074 -38.620743]
 [  25.722313 -27.211224]
 [  47.185154 -49.388680]
 [  30.543200 -32.713833]
 [  24.451300 -25.940855]
 [  25.809748 -27.476898]
 [  21.627327 -23.035418]
 [  24.378752 -26.086206]
 [  29.417904 -31.418186]
 [  20.976171 -22.178230]
 [  30.957378 -32.626286]
 [  26.810900 -28.202087]
]
[
 [  28.835562 -30.302458]
 [  26.402891 -28.058189]
 [  31.214954 -32.908901]
 [  17.259342 -18.512566]
 [  30.030949 -31.978413]
 [  32.401352 -34.173141]
 [  32.866051 -34.864201]
 [  37.429642 -39.463802]
 [  29.036457 -30.702705]
 [  28.756472 -30.170448]
 [  32.169853 -34.271152]
 [  29.319160 -31.123123]
 [  24.492872 -25.985981]
 [  35.295883 -37.335423]
 [  31.331352 -33.218487]
 [  24.426664 -25.873541]
 [  26.166527 -27.753542]
 [  30.832251 -32.321476]
 [  34.945068 -36.790844]
 [  22.673214 -23.937803]
 [  14.130548 -15.126298]
 [  18.460823 -19.458057]
 [  24.327353 -25.786709]
 [  21.632355 -23.083891]
 [  21.496464 -22.674595]
 [  32.865673 -34.608440]
 [  20.176910 -21.381830]
 [  26.862137 -28.770119]
 [  23.520330 -24.908953]
 [  23.497154 -24.696751]
 [  21.104881 -22.604553]
 [  17.714636 -18.745121]
]
[
 [  35.587677 -37.580837]
 [  31.439106 -33.417088]
 [  39.560833 -41.670650]
 [  28.786980 -30.772003]
 [  36.583958 -38.737556]
 [  32.402008 -34.169739]
 [  30.329500 -31.973118]
 [  34.830070 -36.537075]
 [  29.192705 -30.740559]
 [  24.722712 -26.115692]
 [  32.445690 -34.120777]
 [  36.282349 -38.402649]
 [  35.307087 -37.347290]
 [  33.537827 -35.483833]
 [  14.789489 -15.664894]
 [  34.248386 -36.085690]
 [  27.124680 -28.647440]
 [  28.271587 -29.860325]
 [  31.544573 -33.648239]
 [  39.217236 -41.317413]
 [  32.597412 -34.369095]
 [  27.202002 -28.827803]
 [  29.700251 -31.483521]
 [  26.106676 -27.831244]
 [  32.228348 -34.152134]
 [  34.380688 -36.152084]
 [  29.689041 -31.331177]
 [  36.138412 -38.300705]
 [  20.381657 -21.689445]
 [  25.231325 -26.934793]
 [  24.475279 -25.840124]
 [  36.457008 -38.378616]
]
[
 [  27.519762 -28.958128]
 [  24.098396 -25.505297]
 [  29.368759 -31.119371]
 [  35.690475 -37.820274]
 [  33.986244 -35.972408]
 [  33.763172 -35.645817]
 [  23.491863 -24.791904]
 [  17.960592 -19.244293]
 [  20.923449 -22.289391]
 [  33.589375 -35.581902]
 [  32.247158 -34.070236]
 [  28.063646 -29.699892]
 [  25.384933 -26.955788]
 [  40.487823 -42.804718]
 [  40.808464 -43.039646]
 [  20.116976 -21.242767]
 [  26.194258 -27.358829]
 [  19.572687 -20.758097]
 [  17.313915 -17.985321]
 [  36.043880 -37.931026]
 [  29.205549 -31.004591]
 [  26.868315 -28.720377]
 [  27.507980 -29.127254]
 [  31.603851 -33.578533]
 [  27.040184 -28.604731]
 [  30.550116 -32.264793]
 [  36.399441 -38.115990]
 [  33.050167 -34.867771]
 [  23.880213 -25.000305]
 [  33.240292 -35.072716]
 [  25.093405 -26.494974]
 [  20.463968 -21.709469]
]
[
 [  32.106628 -33.816162]
 [  30.288292 -31.889778]
 [  35.298820 -37.220398]
 [  35.125423 -36.972668]
 [  26.987392 -28.406168]
 [  35.317829 -37.217640]
 [  29.149483 -30.784706]
 [  25.263277 -26.882063]
 [  29.794071 -31.448158]
 [  37.902771 -40.164837]
 [  33.417549 -35.004601]
 [  32.314240 -34.003590]
 [  31.104219 -33.304222]
 [  42.610245 -44.875069]
 [  22.917934 -24.438353]
 [  32.565651 -34.319168]
 [  29.224703 -30.817684]
 [  29.763401 -31.566000]
 [  28.017847 -29.661345]
 [  31.624174 -33.492474]
 [  26.841110 -28.675098]
 [  28.708660 -30.265326]
 [  31.055582 -32.688160]
 [  36.639908 -38.492996]
 [  33.740536 -35.608845]
 [  34.128639 -36.024689]
 [  24.005222 -25.573431]
 [  23.556780 -25.188990]
 [  23.540956 -25.168753]
 [  30.719181 -32.475830]
 [  24.801918 -26.011028]
 [  37.228653 -39.429031]
]
[
 [  28.474936 -30.257763]
 [  32.333050 -34.520203]
 [  30.073755 -31.727291]
 [  45.963478 -48.587795]
 [  31.466593 -32.987408]
 [  35.849869 -37.967308]
 [  28.476463 -30.120989]
 [  23.838017 -25.403996]
 [  19.679268 -20.718912]
 [  25.238855 -26.628025]
 [  36.472172 -38.613518]
 [  28.863718 -30.569956]
 [  20.469538 -21.870012]
 [  25.046764 -26.531696]
 [  12.428096 -13.452738]
 [  24.222980 -25.753775]
 [  31.262457 -33.275986]
 [  32.913300 -34.889191]
 [  28.425999 -30.151880]
 [  31.176609 -33.063858]
 [  22.750946 -24.030006]
 [  23.909740 -25.383995]
 [  19.967319 -20.855238]
 [  40.384995 -42.763367]
 [  34.852867 -36.884789]
 [  26.282740 -27.992765]
 [  28.751966 -30.588276]
 [  29.626469 -31.357361]
 [  27.189161 -28.638290]
 [  48.832523 -51.501736]
 [  25.692945 -27.152178]
 [  23.935459 -25.207882]
]
[
 [  26.781307 -28.680748]
 [  27.856277 -29.493797]
 [  38.252338 -40.469387]
 [  32.686577 -34.457272]
 [  34.316933 -36.211430]
 [  25.553162 -26.901865]
 [  30.889191 -32.310528]
 [  33.664402 -35.405861]
 [  22.489384 -23.884190]
 [  23.081011 -24.328543]
 [  24.088537 -25.692865]
 [  25.821476 -26.988609]
 [  23.420404 -24.902512]
 [  26.632093 -28.257677]
 [  34.723190 -36.648838]
 [  14.608454 -15.370678]
 [  25.268904 -26.684551]
 [  31.340534 -33.177734]
 [  23.456566 -25.009565]
 [  37.717033 -39.903866]
 [  19.172012 -20.215504]
 [  26.004280 -27.427290]
 [  21.061037 -22.239534]
 [  25.785017 -27.423365]
 [  21.932362 -23.169155]
 [  32.874474 -34.603859]
 [  30.123755 -31.815144]
 [  28.405569 -29.977085]
 [  32.184975 -34.142643]
 [  24.283911 -26.127781]
 [  33.564701 -35.239914]
 [  37.119457 -39.237026]
]
[
 [  34.338223 -36.365494]
 [  27.854719 -29.176201]
 [  27.485788 -29.398743]
 [  23.069185 -24.655113]
 [  24.443693 -25.888083]
 [  18.531029 -19.521677]
 [  33.667969 -35.568760]
 [  38.265251 -40.330441]
 [  27.983530 -29.579599]
 [  23.690857 -25.243690]
 [  41.092438 -43.542622]
 [  28.633810 -30.393393]
 [  16.951666 -18.151522]
 [  25.535269 -27.167736]
 [  30.659355 -32.581905]
 [  22.560844 -23.742897]
 [  23.678679 -25.063084]
 [  33.439251 -35.406544]
 [  37.678112 -39.907188]
 [  29.421217 -30.788496]
 [  25.228962 -26.532600]
 [  39.567360 -41.628189]
 [  26.212896 -27.467070]
 [  24.661722 -26.157509]
 [  15.628501 -16.854994]
 [  23.474453 -24.916704]
 [  33.148537 -35.169926]
 [  30.034876 -31.986155]
 [  24.211151 -25.440039]
 [  25.001379 -26.483507]
 [  28.157736 -29.768827]
 [  29.150799 -30.571396]
]
[
 [  27.345558 -28.673634]
 [  22.299444 -23.679026]
 [  26.037704 -27.431074]
 [  34.780205 -36.731632]
 [  23.307528 -24.700026]
 [  18.961470 -20.111004]
 [  25.507013 -27.034546]
 [  26.798262 -28.361603]
 [  33.289162 -34.983727]
 [  42.624542 -45.152302]
 [  30.725283 -32.664360]
 [  27.810799 -29.249882]
 [  35.656384 -37.831413]
 [  29.102617 -30.727404]
 [  33.508480 -35.259556]
 [  36.734097 -38.811810]
 [  30.616503 -32.420498]
 [  31.266653 -33.029919]
 [  25.861185 -27.393332]
 [  26.734592 -28.126247]
 [  26.778639 -28.245701]
 [  18.281254 -19.571281]
 [  23.498947 -25.059769]
 [  26.505098 -27.886251]
 [  23.178886 -24.448835]
 [  31.353668 -33.380543]
 [  23.048925 -24.458305]
 [  26.266348 -27.700834]
 [  28.559687 -30.309593]
 [  20.436178 -21.749725]
 [  24.487043 -25.824160]
 [  31.208775 -33.180328]
]
[
 [  25.944845 -27.412996]
 [  23.481041 -25.108469]
 [  24.940128 -26.395975]
 [  18.480118 -19.756378]
 [  24.218786 -25.741047]
 [  32.397148 -34.386620]
 [  33.950813 -35.526035]
 [ 101.441521 -108.041908]
 [  46.992157 -49.877544]
 [  50.647503 -53.853065]
 [  38.832863 -42.479694]
 [ 135.528229 -141.915207]
 [  56.269341 -59.105419]
 [  99.868011 -105.099480]
 [  48.442329 -50.175110]
 [ 142.796249 -151.764267]
 [  74.264565 -77.535637]
 [  52.145763 -54.670017]
 [  32.765415 -34.758415]
 [  39.931465 -42.145199]
 [  27.775843 -29.515959]
 [  46.533772 -49.135132]
 [  25.996792 -27.305714]
 [  40.048603 -42.402321]
 [  93.747032 -100.181709]
 [ 121.370598 -127.571274]
 [  59.979961 -63.144512]
 [ 152.187500 -161.576935]
 [ 155.923218 -164.863159]
 [ 173.179138 -181.443130]
 [ 147.710114 -156.612549]
 [  82.579262 -87.023170]
]
[
 [  43.043110 -45.849110]
 [  53.846848 -56.938534]
 [  30.072887 -31.748943]
 [  42.521065 -44.742058]
 [  35.526768 -37.482922]
 [  31.067043 -32.947006]
 [  25.881891 -27.138424]
 [  39.738499 -41.650181]
 [  30.656107 -32.570251]
 [  33.800594 -35.834827]
 [  36.903564 -39.092609]
 [  37.287086 -39.242077]
 [  14.236424 -15.260029]
 [  26.829174 -28.548992]
 [  24.949301 -26.222992]
 [  29.942934 -31.597681]
 [  25.647064 -27.292089]
 [  35.893383 -37.842648]
 [  27.108034 -28.539278]
 [  34.974434 -36.935764]
 [  23.455082 -25.047035]
 [  30.474989 -32.181713]
 [  29.531199 -31.214739]
 [  24.108759 -25.769382]
 [  29.112928 -30.673378]
 [  24.998169 -26.712046]
 [  18.889261 -20.064909]
 [  22.228909 -23.515522]
 [  22.132883 -23.388849]
 [  28.209318 -29.809069]
 [  19.362259 -20.564928]
 [  22.756426 -24.132536]
]
[
 [  21.999966 -23.263090]
 [  35.839848 -37.896614]
 [  22.845352 -24.241867]
 [  23.522779 -25.023703]
 [  36.353539 -38.232998]
 [  28.599562 -30.488535]
 [  29.496408 -31.343100]
 [  30.942055 -32.645824]
 [  28.689243 -30.563372]
 [  35.225323 -37.015797]
 [  29.264397 -30.745764]
 [  36.946800 -38.670208]
 [  38.860794 -40.954384]
 [  47.029671 -49.525345]
 [  26.759359 -28.317177]
 [  29.237392 -30.892719]
 [  30.788513 -32.661663]
 [  24.949570 -26.395233]
 [  24.839443 -26.539150]
 [  27.816677 -29.399439]
 [  30.695906 -32.317417]
 [  32.520222 -34.264393]
 [  21.910149 -22.994932]
 [  37.366554 -39.353550]
 [  35.946709 -37.492249]
 [  30.910704 -32.774246]
 [  34.679279 -36.657795]
 [  20.393503 -21.620155]
 [  20.519869 -21.849020]
 [  33.094471 -35.358852]
 [  28.650543 -30.045359]
 [  33.848675 -36.088856]
]
[
 [  35.973965 -37.778114]
 [  32.930248 -34.642380]
 [  30.001642 -31.962667]
 [  40.273781 -42.443005]
 [  38.631538 -40.888329]
 [  28.075750 -29.731970]
 [  25.464025 -26.704174]
 [  17.455456 -18.330523]
 [  20.100012 -21.449587]
 [  22.755869 -24.150126]
 [  28.065891 -29.383823]
 [  31.964838 -33.969604]
 [  30.703814 -32.391979]
 [  22.683655 -24.020784]
 [  34.992920 -36.594482]
 [  50.264610 -52.918346]
 [  22.185915 -23.451208]
 [  28.424603 -30.257734]
 [  30.302027 -32.243702]
 [  36.745110 -38.948875]
 [  33.752384 -35.634098]
 [  33.744690 -35.559959]
 [  26.644960 -28.212269]
 [  38.450199 -40.580215]
 [  33.019814 -34.757713]
 [  26.235973 -28.004242]
 [  39.563637 -41.876831]
 [  27.848482 -29.544127]
 [  30.002422 -31.892567]
 [  34.580036 -36.598778]
 [  31.865248 -33.745171]
 [  43.018177 -45.167278]
]
[
 [  33.652622 -35.683197]
 [  25.095121 -26.657652]
 [  33.300991 -35.242310]
 [  19.416206 -20.636110]
 [  24.490717 -26.246826]
 [  21.955608 -23.220526]
 [  20.320940 -21.599680]
 [  25.098743 -26.413208]
 [  25.143122 -26.881092]
 [  26.342085 -27.668951]
 [  29.987963 -31.630213]
 [  34.456593 -36.418472]
 [  30.720831 -32.407509]
 [  33.310116 -34.868698]
 [  24.909052 -26.471523]
 [  19.718636 -21.096409]
 [  26.789236 -28.470995]
 [  28.976063 -30.563038]
 [  26.814457 -28.261745]
 [  30.667879 -32.218769]
 [  29.328403 -31.025003]
 [  28.179014 -29.657911]
 [  25.115746 -26.719261]
 [  28.768482 -30.654852]
 [  32.327869 -34.307713]
 [  22.794794 -24.200607]
 [  21.098619 -22.388643]
 [  39.057598 -41.255257]
 [  38.550529 -40.640553]
 [  30.730637 -32.459629]
 [  38.194122 -40.148964]
 [  21.874846 -23.044811]
]
[
 [  20.407440 -21.672939]
 [  30.075960 -31.652077]
 [  22.717888 -23.991388]
 [  30.960392 -32.738609]
 [  36.358150 -38.491283]
 [  27.234795 -28.791876]
 [  32.819462 -34.636562]
 [  25.906511 -27.663948]
 [  31.515154 -33.245045]
 [  45.187660 -48.458324]
 [ 132.634583 -141.094940]
 [ 233.982544 -246.827621]
 [ 235.929764 -248.948700]
 [ 243.311829 -255.824066]
 [ 216.594070 -229.199249]
 [ 159.786224 -166.330811]
 [ 100.237953 -106.675903]
 [ 116.023651 -121.987198]
 [  91.936935 -97.513252]
 [  84.148888 -89.061737]
 [  91.641914 -95.950554]
 [  92.466827 -97.394722]
 [  24.384275 -25.485796]
 [  29.774580 -31.239573]
 [  22.679068 -23.772505]
 [  20.208790 -21.303387]
 [  23.316103 -24.660807]
 [  36.186253 -38.244671]
 [  34.416443 -35.960537]
 [  43.261944 -45.295357]
 [  26.611423 -27.884693]
 [  37.010242 -38.457195]
]
[
 [  43.221699 -45.185028]
 [  29.600218 -31.147312]
 [  27.983541 -29.314999]
 [  19.877491 -21.026949]
 [  19.514418 -20.589262]
 [  18.185310 -18.965059]
 [  20.039444 -21.028440]
 [  16.565842 -17.380014]
 [   9.395333  -9.895353]
 [  23.758320 -25.037973]
 [  19.461296 -20.405588]
 [  14.291315 -15.117680]
 [  22.700712 -23.845798]
 [  20.140711 -21.241407]
 [  14.439015 -15.036633]
 [  15.325175 -15.980977]
 [  17.277502 -18.040617]
 [  37.471188 -39.279915]
 [  40.434746 -42.636566]
 [  22.082752 -23.314159]
 [  33.110291 -34.850868]
 [  43.885468 -46.048775]
 [  60.345287 -63.163399]
 [  47.104729 -49.487442]
 [  30.527248 -32.125301]
 [  65.083786 -68.594551]
 [  62.441341 -65.607140]
 [  41.793388 -43.983181]
 [  53.212330 -55.889023]
 [  35.751705 -37.208755]
 [  28.435266 -29.755190]
 [  21.746571 -22.594778]
]
[
 [  25.347282 -26.673182]
 [  16.963079 -17.839699]
 [  34.665455 -36.557457]
 [  28.702030 -30.069696]
 [  26.445059 -27.534634]
 [  23.456959 -24.528801]
 [  35.023727 -36.954708]
 [  28.374928 -30.069973]
 [  26.313484 -27.726099]
 [  21.528147 -22.619926]
 [  17.556534 -18.724695]
 [  18.552353 -19.899246]
 [  23.875954 -25.279951]
 [  21.222454 -22.570848]
 [  17.007452 -18.070539]
 [  30.560705 -31.971788]
 [  23.250540 -24.192726]
 [  17.919064 -19.037270]
 [  26.770708 -28.420443]
 [  37.897404 -39.443508]
 [  17.762209 -18.635761]
 [  25.476679 -26.545666]
 [  36.410732 -38.340557]
 [  39.756638 -41.939289]
 [  23.701452 -24.792936]
 [  28.955910 -30.385717]
 [  26.615974 -28.068356]
 [  26.994406 -28.209158]
 [  23.259974 -24.341375]
 [  19.294149 -20.230629]
 [  23.224924 -24.393360]
 [  27.101652 -28.590437]
]
[
 [  30.136604 -31.730099]
 [  35.135349 -37.007805]
 [  25.129278 -25.988827]
 [  18.278852 -19.103569]
 [  23.353798 -25.148207]
 [  36.624722 -38.720188]
 [  21.431293 -22.498014]
 [   9.786843 -10.142000]
 [  -2.701533   2.735813]
 [  -1.022070   1.222752]
 [  -7.554656   7.748170]
 [  29.886816 -31.064648]
 [  25.020023 -26.107445]
 [   4.725058  -4.897256]
 [  13.387227 -14.128119]
 [   1.067177  -1.096974]
 [   7.554455  -8.352931]
 [   3.526636  -4.217251]
 [   8.698318  -8.900990]
 [  -0.180788   0.129867]
 [  13.296008 -14.015018]
 [  -7.775035   8.268932]
 [ -32.580067  33.739719]
 [   0.456090  -0.733079]
 [  10.210067 -11.426250]
 [  22.988556 -24.000624]
 [  -1.635289   1.724213]
 [   4.664646  -5.257707]
 [  11.159638 -12.068403]
 [   6.562706  -6.744921]
 [  40.549507 -42.759705]
 [  14.200541 -15.036710]
]
[
 [  23.731953 -24.805136]
 [  36.781364 -38.857197]
 [  28.791910 -30.380219]
 [  21.439072 -22.397196]
 [  18.638102 -19.854061]
 [  24.494305 -25.893982]
 [  17.600395 -18.285952]
 [  16.483917 -16.902369]
 [  19.974470 -21.212557]
 [  24.683081 -25.762596]
 [  20.835663 -22.142824]
 [  28.837894 -30.447012]
 [  19.031519 -20.007435]
 [  19.587933 -20.732018]
 [  15.405155 -16.085920]
 [  28.869059 -30.173964]
 [  25.176876 -26.856609]
 [  22.671246 -23.746565]
 [  18.641689 -19.428333]
 [  32.299370 -34.410717]
 [  46.619625 -48.851227]
 [  23.616209 -24.745882]
 [  24.017330 -25.467758]
 [  16.340242 -16.889536]
 [  17.911648 -18.772814]
 [  30.628656 -32.178711]
 [  26.367611 -27.594975]
 [  25.747824 -27.267048]
 [  21.272345 -22.447790]
 [  10.765800 -11.370313]
 [  23.019161 -24.072828]
 [  22.123463 -23.605392]
]
[
 [  26.617882 -27.931667]
 [  14.590548 -15.360043]
 [  14.953130 -15.532746]
 [  13.930668 -14.404282]
 [  11.707512 -12.523407]
 [  23.679604 -25.008186]
 [  14.908571 -15.651618]
 [  21.217012 -22.375370]
 [  20.084171 -21.004745]
 [  21.124035 -22.275690]
 [  44.791607 -47.515423]
 [  31.599991 -33.106194]
 [  15.628330 -16.518944]
 [  15.930608 -16.719450]
 [  18.204449 -19.524105]
 [   9.155724 -10.256928]
 [  13.521981 -14.314680]
 [  15.694819 -16.175581]
 [  17.403601 -18.549093]
 [  18.725409 -19.574057]
 [  11.342193 -12.137446]
 [  12.846623 -13.577608]
 [  17.781784 -18.532749]
 [   7.690600  -8.180697]
 [  23.090948 -24.166323]
 [  27.110840 -28.673777]
 [  16.561049 -17.624790]
 [  15.097615 -16.199726]
 [  24.183743 -25.036598]
 [  18.682817 -19.677008]
 [  14.461462 -15.327942]
 [  18.214371 -18.797911]
]
[
 [  17.160860 -18.410957]
 [  15.209523 -16.053471]
 [  23.755840 -25.398821]
 [  18.563892 -19.611563]
 [  27.359756 -28.886869]
 [  23.796227 -24.663889]
 [  10.512622 -10.836021]
 [  13.802732 -14.370736]
 [  22.178040 -23.107801]
 [  21.838583 -23.071819]
 [  14.620936 -15.268960]
 [  14.033962 -15.024381]
 [  18.095667 -18.831411]
 [   8.905577  -9.283465]
 [  17.413294 -18.532492]
 [  12.889383 -13.650641]
 [  17.836916 -18.727222]
 [  16.369829 -17.458416]
 [  12.929819 -13.631804]
 [  13.110785 -13.812874]
 [  20.464657 -21.548548]
 [  15.267953 -15.969045]
 [  16.332401 -17.368612]
 [  17.881893 -18.758774]
 [  21.439255 -22.827047]
 [  20.973454 -21.971647]
 [  13.639384 -14.383511]
 [  16.773739 -17.728083]
 [  17.260500 -18.405304]
 [  16.919668 -17.703794]
 [  17.112402 -18.083206]
 [  15.221807 -16.036169]
]
[
 [  15.208770 -16.170889]
 [  10.389375 -10.945151]
 [  18.903671 -19.735479]
 [  17.794035 -18.528154]
 [  18.695786 -19.688911]
 [  12.441168 -13.002842]
 [  20.738188 -21.642529]
 [  23.050444 -24.091181]
 [  14.142896 -15.125446]
 [  19.024494 -20.306925]
 [  17.808792 -18.708244]
 [  13.820807 -14.679528]
 [  22.201504 -23.467993]
 [  19.289265 -20.368052]
 [  17.204910 -18.538986]
 [  12.037581 -12.805527]
 [  24.089043 -25.275858]
 [  27.870720 -29.591606]
 [  16.922167 -18.095058]
 [  17.886805 -18.918213]
 [  26.564280 -27.488674]
 [  33.910961 -35.975842]
 [  28.847097 -30.241316]
 [  22.948132 -23.792486]
 [   9.269039 -10.174285]
 [  18.148319 -19.134029]
 [  13.024467 -13.716145]
 [  14.945873 -15.873430]
 [  18.785049 -20.065496]
 [  29.630047 -31.306002]
 [  24.241776 -25.421188]
 [  24.508278 -25.796679]
]
[
 [  17.945320 -18.822380]
 [  20.569460 -21.491100]
 [  23.191891 -24.217985]
 [  17.003384 -18.037256]
 [  18.603735 -19.902962]
 [  13.867704 -14.592647]
 [  15.769214 -16.429178]
 [  21.533503 -22.451361]
 [  25.492796 -27.049517]
 [  19.818647 -20.863657]
 [  20.057079 -20.770113]
 [  18.719439 -19.859344]
 [  18.498037 -19.176260]
 [  15.012879 -15.846007]
 [  20.519520 -21.386717]
 [  22.035435 -23.289639]
 [  20.052015 -21.074469]
 [  24.402905 -25.743256]
 [  18.187677 -19.040678]
 [  14.892756 -15.747170]
 [  14.154737 -14.715472]
 [  17.906197 -18.903362]
 [  18.046486 -18.884087]
 [  23.690475 -24.806858]
 [  20.322220 -21.196253]
 [  20.172653 -21.236708]
 [  21.925003 -22.866161]
 [  17.362507 -18.238787]
 [   8.340814  -9.261373]
 [  21.829805 -22.860146]
 [  16.263443 -17.269119]
 [  13.877834 -14.505504]
]
[
 [  16.305580 -17.005520]
 [  22.772528 -24.010149]
 [  18.999596 -20.127146]
 [  24.636650 -25.751997]
 [  23.276447 -24.648252]
 [  27.222450 -28.516468]
 [  10.524645 -11.037506]
 [  20.530926 -21.569624]
 [  14.805089 -15.554165]
 [  16.825928 -17.460962]
 [  24.543076 -25.432751]
 [  21.284597 -22.620543]
 [  21.240976 -22.056622]
 [  14.046425 -15.002596]
 [  24.399446 -25.495754]
 [  19.353477 -20.576368]
 [  17.456852 -18.087519]
 [  22.944584 -24.300144]
 [  18.055550 -19.008121]
 [  19.073645 -20.233130]
 [  19.021961 -20.168016]
 [  25.813721 -27.126814]
 [  23.717964 -24.474169]
 [  17.650846 -18.565624]
 [  22.489624 -23.703476]
 [  21.425388 -22.734831]
 [  18.125937 -18.922533]
 [  18.075508 -18.905441]
 [  13.013915 -13.686795]
 [  25.856035 -27.305317]
 [  21.836407 -23.162933]
 [  22.579895 -23.596024]
]
[
 [  24.924950 -25.905876]
 [  17.551182 -18.473593]
 [  24.365566 -25.692690]
 [  18.290520 -19.322281]
 [  27.076286 -28.115345]
 [  22.011713 -23.363415]
 [  24.684931 -25.998884]
 [   9.661327 -10.186444]
 [  17.389622 -18.454716]
 [  16.698450 -17.606937]
 [  21.162241 -22.289766]
 [  17.085333 -17.542965]
 [  26.908495 -28.048239]
 [  19.663887 -20.613941]
 [  17.634827 -18.725842]
 [  26.909035 -28.393259]
 [  14.010660 -14.936279]
 [  16.561316 -17.469049]
 [  19.186453 -20.678389]
 [  26.206362 -27.494915]
 [  21.851807 -23.560568]
 [   9.024651  -9.746990]
 [  23.607512 -24.817825]
 [  25.981987 -27.451597]
 [  17.437643 -18.301567]
 [  21.573168 -22.477926]
 [  26.311779 -27.708153]
 [  22.571436 -23.901007]
 [  16.927340 -17.821045]
 [  19.907591 -20.921839]
 [   6.240846  -6.478996]
 [  15.186651 -16.062979]
]
[
 [  14.913601 -15.940420]
 [  14.261896 -15.203711]
 [  26.170494 -27.505371]
 [  22.283592 -23.529671]
 [  26.576393 -27.862539]
 [  15.711638 -16.453266]
 [  21.349833 -22.414610]
 [  17.763401 -18.788506]
]
